{"level":"info","time":"2024-12-21T18:57:15.699+0800","caller":"api/logger.go:103","msg":"API server starting","address":":8080"}
{"level":"info","time":"2024-12-21T21:12:12.972+0800","caller":"api/logger.go:103","msg":"Shutting down..."}
{"level":"info","time":"2024-12-21T21:12:16.420+0800","caller":"api/logger.go:103","msg":"API server starting","address":":8080"}
{"level":"info","time":"2024-12-21T21:16:10.207+0800","caller":"api/logger.go:103","msg":"Shutting down..."}
time="2024-12-23T12:03:42+08:00" level=info msg="Starting singdns server..."
time="2024-12-23T12:03:42+08:00" level=info msg="Storage initialized successfully"
time="2024-12-23T12:03:42+08:00" level=info msg="Auth manager initialized successfully"
time="2024-12-23T12:03:42+08:00" level=info msg="Proxy manager initialized successfully"
time="2024-12-23T12:03:42+08:00" level=info msg="Starting HTTP server on :8080"
time="2024-12-23T12:05:30+08:00" level=info msg="sing-box started"
time="2024-12-23T12:05:30+08:00" level=error msg="sing-box process exited with error" error="exit status 1"
time="2024-12-23T12:05:45+08:00" level=info msg="sing-box started"
time="2024-12-23T12:05:45+08:00" level=error msg="sing-box process exited with error" error="exit status 1"
time="2024-12-23T12:15:12+08:00" level=info msg="Starting singdns server..."
time="2024-12-23T12:15:12+08:00" level=info msg="Storage initialized successfully"
time="2024-12-23T12:15:12+08:00" level=info msg="Auth manager initialized successfully"
time="2024-12-23T12:15:12+08:00" level=info msg="Proxy manager initialized successfully"
time="2024-12-23T12:15:12+08:00" level=info msg="Starting HTTP server on :8080"
time="2024-12-23T12:17:53+08:00" level=info msg="Starting singdns server..."
time="2024-12-23T12:17:53+08:00" level=info msg="Storage initialized successfully"
time="2024-12-23T12:17:54+08:00" level=info msg="Auth manager initialized successfully"
time="2024-12-23T12:17:54+08:00" level=info msg="Proxy manager initialized successfully"
time="2024-12-23T12:17:54+08:00" level=info msg="Starting HTTP server on :8080"
time="2024-12-23T12:19:58+08:00" level=info msg="Starting singdns server..."
time="2024-12-23T12:19:58+08:00" level=info msg="Storage initialized successfully"
time="2024-12-23T12:19:58+08:00" level=info msg="Auth manager initialized successfully"
time="2024-12-23T12:19:58+08:00" level=info msg="Proxy manager initialized successfully"
time="2024-12-23T12:19:58+08:00" level=info msg="Starting HTTP server on :8080"
time="2024-12-23T12:22:20+08:00" level=info msg="Starting singdns server..."
time="2024-12-23T12:22:20+08:00" level=info msg="Storage initialized successfully"
time="2024-12-23T12:22:20+08:00" level=info msg="Auth manager initialized successfully"
time="2024-12-23T12:22:20+08:00" level=info msg="Proxy manager initialized successfully"
time="2024-12-23T12:22:20+08:00" level=info msg="Starting HTTP server on :8080"
time="2024-12-23T12:24:58+08:00" level=info msg="Starting singdns server..."
time="2024-12-23T12:24:58+08:00" level=info msg="Storage initialized successfully"
time="2024-12-23T12:24:58+08:00" level=info msg="Auth manager initialized successfully"
time="2024-12-23T12:24:58+08:00" level=info msg="Proxy manager initialized successfully"
time="2024-12-23T12:24:58+08:00" level=info msg="Starting HTTP server on :8080"
time="2024-12-23T12:26:32+08:00" level=error msg="Failed to decrypt node password" error="ciphertext too short"
time="2024-12-23T12:26:32+08:00" level=error msg="Failed to decrypt node password" error="ciphertext too short"
time="2024-12-23T12:30:33+08:00" level=info msg="Starting singdns server..."
time="2024-12-23T12:30:33+08:00" level=info msg="Storage initialized successfully"
time="2024-12-23T12:30:33+08:00" level=info msg="Auth manager initialized successfully"
time="2024-12-23T12:30:33+08:00" level=info msg="Proxy manager initialized successfully"
time="2024-12-23T12:30:33+08:00" level=info msg="Starting HTTP server on :8080"
time="2024-12-23T12:36:09+08:00" level=info msg="Starting singdns server..."
time="2024-12-23T12:36:09+08:00" level=info msg="Storage initialized successfully"
time="2024-12-23T12:36:09+08:00" level=info msg="Auth manager initialized successfully"
time="2024-12-23T12:36:09+08:00" level=info msg="Proxy manager initialized successfully"
time="2024-12-23T12:36:09+08:00" level=info msg="Starting HTTP server on :8080"
time="2024-12-23T12:36:49+08:00" level=error msg="Failed to get node groups" error="no such table: node_groups"
